<?xml version="1.0" encoding="UTF-8"?>
<!-- Generated by org.testng.reporters.JUnitXMLReporter -->
<testsuite ignored="0" hostname="Abhijeets-MacBook-Air.local" failures="1" tests="2" name="Project" time="37.25" errors="0" timestamp="2023-10-19T02:14:39 IST">
  <testcase classname="Pom.Project" name="submitOrder" time="20.866"/>
  <testcase classname="Pom.Project" name="validateOrderHistoryPage" time="10.132">
    <failure type="java.lang.AssertionError" message="expected [null] but found [adidas original]">
      <![CDATA[java.lang.AssertionError: expected [null] but found [adidas original]
at Pom.Project.validateOrderHistoryPage(Project.java:153)
at java.base/java.util.ArrayList.forEach(ArrayList.java:1511)
... Removed 31 stack frames]]>
    </failure>
  </testcase> <!-- validateOrderHistoryPage -->
</testsuite> <!-- Project -->
